<?xml version="1.0" encoding="UTF-8"?>
<!-- Generated by org.testng.reporters.JUnitXMLReporter -->
<testsuite ignored="0" hostname="DESKTOP-FSQTRJ3" failures="0" tests="3" name="Test" time="127.742" errors="0" timestamp="2025-01-09T11:12:18 IST">
  <testcase classname="TestCases.loginTestCases" name="verifyValidLogin" time="21.921"/>
  <testcase classname="TestCases.loginTestCases" name="verifyInvalidLogin" time="20.34"/>
  <testcase classname="TestCases.fillMyInfoTestCase" name="fillMyInfo" time="85.438"/>
</testsuite> <!-- Test -->
