<?xml version="1.0" encoding="UTF-8"?>
<!-- Generated by org.testng.reporters.JUnitXMLReporter -->
<testsuite ignored="0" hostname="DESKTOP-FSQTRJ3" failures="0" tests="3" name="Test" time="137.093" errors="0" timestamp="2025-01-09T11:21:41 IST">
  <testcase classname="TestCases.loginTestCases" name="verifyValidLogin" time="13.471"/>
  <testcase classname="TestCases.loginTestCases" name="verifyInvalidLogin" time="12.454"/>
  <testcase classname="TestCases.fillMyInfoTestCase" name="fillMyInfo" time="76.485"/>
</testsuite> <!-- Test -->
