<?xml version="1.0" encoding="UTF-8"?>
<!-- Generated by org.testng.reporters.JUnitXMLReporter -->
<testsuite ignored="0" hostname="DESKTOP-FSQTRJ3" failures="0" tests="3" name="Test" time="166.253" errors="0" timestamp="2025-01-09T13:08:17 IST">
  <testcase classname="TestCases.loginTestCases" name="verifyValidLogin" time="15.336"/>
  <testcase classname="TestCases.loginTestCases" name="verifyInvalidLogin" time="12.633"/>
  <testcase classname="TestCases.fillMyInfoTestCase" name="fillMyInfo" time="79.078"/>
</testsuite> <!-- Test -->
