<?xml version="1.0" encoding="UTF-8"?>
<testng-results ignored="0" total="3" passed="3" failed="0" skipped="0">
  <reporter-output>
  </reporter-output>
  <suite started-at="2025-01-09T13:05:30 IST" name="Suite" finished-at="2025-01-09T13:08:17 IST" duration-ms="166253">
    <groups>
    </groups>
    <test started-at="2025-01-09T13:05:30 IST" name="Test" finished-at="2025-01-09T13:08:17 IST" duration-ms="166253">
      <class name="TestCases.loginTestCases">
        <test-method is-config="true" signature="urlLaunch()[pri:0, instance:TestCases.loginTestCases@29626d54]" started-at="2025-01-09T13:05:30 IST" name="urlLaunch" finished-at="2025-01-09T13:05:49 IST" duration-ms="18943" status="PASS">
          <reporter-output>
          </reporter-output>
        </test-method> <!-- urlLaunch -->
        <test-method signature="verifyValidLogin()[pri:0, instance:TestCases.loginTestCases@29626d54]" started-at="2025-01-09T13:05:49 IST" name="verifyValidLogin" finished-at="2025-01-09T13:06:05 IST" duration-ms="15336" status="PASS">
          <reporter-output>
          </reporter-output>
        </test-method> <!-- verifyValidLogin -->
        <test-method is-config="true" signature="quitBrowser()[pri:0, instance:TestCases.loginTestCases@29626d54]" started-at="2025-01-09T13:06:05 IST" name="quitBrowser" finished-at="2025-01-09T13:06:10 IST" duration-ms="5168" status="PASS">
          <reporter-output>
          </reporter-output>
        </test-method> <!-- quitBrowser -->
        <test-method is-config="true" signature="urlLaunch()[pri:0, instance:TestCases.loginTestCases@29626d54]" started-at="2025-01-09T13:06:10 IST" name="urlLaunch" finished-at="2025-01-09T13:06:23 IST" duration-ms="12997" status="PASS">
          <reporter-output>
          </reporter-output>
        </test-method> <!-- urlLaunch -->
        <test-method signature="verifyInvalidLogin()[pri:1, instance:TestCases.loginTestCases@29626d54]" started-at="2025-01-09T13:06:23 IST" name="verifyInvalidLogin" finished-at="2025-01-09T13:06:36 IST" duration-ms="12633" status="PASS">
          <reporter-output>
          </reporter-output>
        </test-method> <!-- verifyInvalidLogin -->
        <test-method is-config="true" signature="quitBrowser()[pri:0, instance:TestCases.loginTestCases@29626d54]" started-at="2025-01-09T13:06:36 IST" name="quitBrowser" finished-at="2025-01-09T13:06:40 IST" duration-ms="4118" status="PASS">
          <reporter-output>
          </reporter-output>
        </test-method> <!-- quitBrowser -->
      </class> <!-- TestCases.loginTestCases -->
      <class name="TestCases.fillMyInfoTestCase">
        <test-method is-config="true" signature="urlLaunch()[pri:0, instance:TestCases.fillMyInfoTestCase@28eaa59a]" started-at="2025-01-09T13:06:40 IST" name="urlLaunch" finished-at="2025-01-09T13:06:53 IST" duration-ms="13597" status="PASS">
          <reporter-output>
          </reporter-output>
        </test-method> <!-- urlLaunch -->
        <test-method signature="fillMyInfo()[pri:0, instance:TestCases.fillMyInfoTestCase@28eaa59a]" started-at="2025-01-09T13:06:53 IST" name="fillMyInfo" finished-at="2025-01-09T13:08:12 IST" duration-ms="79078" status="PASS">
          <reporter-output>
          </reporter-output>
        </test-method> <!-- fillMyInfo -->
        <test-method is-config="true" signature="quitBrowser()[pri:0, instance:TestCases.fillMyInfoTestCase@28eaa59a]" started-at="2025-01-09T13:08:12 IST" name="quitBrowser" finished-at="2025-01-09T13:08:17 IST" duration-ms="4303" status="PASS">
          <reporter-output>
          </reporter-output>
        </test-method> <!-- quitBrowser -->
      </class> <!-- TestCases.fillMyInfoTestCase -->
    </test> <!-- Test -->
  </suite> <!-- Suite -->
</testng-results>
