<?xml version="1.0" encoding="UTF-8"?>
<testng-results ignored="0" total="3" passed="2" failed="1" skipped="0">
  <reporter-output>
  </reporter-output>
  <suite started-at="2025-01-13T18:41:16 IST" name="Suite" finished-at="2025-01-13T18:43:39 IST" duration-ms="142792">
    <groups>
    </groups>
    <test started-at="2025-01-13T18:41:16 IST" name="Regression test cases" finished-at="2025-01-13T18:42:24 IST" duration-ms="67832">
      <class name="TestCases.loginTestCases">
        <test-method is-config="true" signature="ExtentReport()[pri:0, instance:TestCases.loginTestCases@4c583ecf]" started-at="2025-01-13T18:41:16 IST" name="ExtentReport" finished-at="2025-01-13T18:41:16 IST" duration-ms="389" status="PASS">
          <reporter-output>
          </reporter-output>
        </test-method> <!-- ExtentReport -->
        <test-method is-config="true" signature="urlLaunch()[pri:0, instance:TestCases.loginTestCases@4c583ecf]" started-at="2025-01-13T18:41:16 IST" name="urlLaunch" finished-at="2025-01-13T18:41:33 IST" duration-ms="16847" status="PASS">
          <reporter-output>
          </reporter-output>
        </test-method> <!-- urlLaunch -->
        <test-method signature="verifyValidLogin()[pri:0, instance:TestCases.loginTestCases@4c583ecf]" started-at="2025-01-13T18:41:33 IST" name="verifyValidLogin" finished-at="2025-01-13T18:41:49 IST" duration-ms="16209" status="PASS">
          <reporter-output>
          </reporter-output>
        </test-method> <!-- verifyValidLogin -->
        <test-method is-config="true" signature="quitBrowser()[pri:0, instance:TestCases.loginTestCases@4c583ecf]" started-at="2025-01-13T18:41:49 IST" name="quitBrowser" finished-at="2025-01-13T18:41:53 IST" duration-ms="3785" status="PASS">
          <reporter-output>
          </reporter-output>
        </test-method> <!-- quitBrowser -->
        <test-method is-config="true" signature="urlLaunch()[pri:0, instance:TestCases.loginTestCases@4c583ecf]" started-at="2025-01-13T18:41:53 IST" name="urlLaunch" finished-at="2025-01-13T18:42:04 IST" duration-ms="10608" status="PASS">
          <reporter-output>
          </reporter-output>
        </test-method> <!-- urlLaunch -->
        <test-method signature="verifyInvalidLogin()[pri:1, instance:TestCases.loginTestCases@4c583ecf]" started-at="2025-01-13T18:42:04 IST" name="verifyInvalidLogin" finished-at="2025-01-13T18:42:18 IST" duration-ms="13851" status="PASS">
          <reporter-output>
          </reporter-output>
        </test-method> <!-- verifyInvalidLogin -->
        <test-method is-config="true" signature="quitBrowser()[pri:0, instance:TestCases.loginTestCases@4c583ecf]" started-at="2025-01-13T18:42:18 IST" name="quitBrowser" finished-at="2025-01-13T18:42:23 IST" duration-ms="5224" status="PASS">
          <reporter-output>
          </reporter-output>
        </test-method> <!-- quitBrowser -->
        <test-method is-config="true" signature="EndReport()[pri:0, instance:TestCases.loginTestCases@4c583ecf]" started-at="2025-01-13T18:42:23 IST" name="EndReport" finished-at="2025-01-13T18:42:24 IST" duration-ms="867" status="PASS">
          <reporter-output>
          </reporter-output>
        </test-method> <!-- EndReport -->
      </class> <!-- TestCases.loginTestCases -->
    </test> <!-- Regression test cases -->
    <test started-at="2025-01-13T18:42:24 IST" name="Smoke test cases" finished-at="2025-01-13T18:43:39 IST" duration-ms="74816">
      <class name="TestCases.fillMyInfoTestCase">
        <test-method is-config="true" signature="ExtentReport()[pri:0, instance:TestCases.fillMyInfoTestCase@1165b38]" started-at="2025-01-13T18:42:24 IST" name="ExtentReport" finished-at="2025-01-13T18:42:24 IST" duration-ms="14" status="PASS">
          <reporter-output>
          </reporter-output>
        </test-method> <!-- ExtentReport -->
        <test-method is-config="true" signature="urlLaunch()[pri:0, instance:TestCases.fillMyInfoTestCase@1165b38]" started-at="2025-01-13T18:42:24 IST" name="urlLaunch" finished-at="2025-01-13T18:42:33 IST" duration-ms="9466" status="PASS">
          <reporter-output>
          </reporter-output>
        </test-method> <!-- urlLaunch -->
        <test-method signature="fillMyInfo()[pri:0, instance:TestCases.fillMyInfoTestCase@1165b38]" started-at="2025-01-13T18:42:33 IST" name="fillMyInfo" finished-at="2025-01-13T18:43:35 IST" duration-ms="61678" status="FAIL">
          <exception class="org.openqa.selenium.ElementClickInterceptedException">
            <message>
              <![CDATA[element click intercepted: Element <button data-v-10d463b7="" data-v-3dab643a="" type="button" class="oxd-button oxd-button--medium oxd-button--text">...</button> is not clickable at point (716, 591). Other element would receive the click: <div data-v-d130bb63="" data-v-13cf171c="" role="option" class="oxd-select-option --selected">...</div>
  (Session info: chrome=131.0.6778.265)
Build info: version: '4.27.0', revision: 'd6e718d134'
System info: os.name: 'Windows 11', os.arch: 'amd64', os.version: '10.0', java.version: '23.0.1'
Driver info: org.openqa.selenium.chrome.ChromeDriver
Command: [67bbfd1c0d502b08cbde8df1fdba1db4, clickElement {id=f.F45BF19D117E951FEDB1BABF85E6CBD3.d.49293AD37FB5D8EDE804012A4BB1669D.e.318}]
Capabilities {acceptInsecureCerts: false, browserName: chrome, browserVersion: 131.0.6778.265, chrome: {chromedriverVersion: 131.0.6778.264 (2d05e315153..., userDataDir: C:\Users\hp\AppData\Local\T...}, fedcm:accounts: true, goog:chromeOptions: {debuggerAddress: localhost:65238}, networkConnectionEnabled: false, pageLoadStrategy: normal, platformName: windows, proxy: Proxy(), se:cdp: ws://localhost:65238/devtoo..., se:cdpVersion: 131.0.6778.265, setWindowRect: true, strictFileInteractability: false, timeouts: {implicit: 0, pageLoad: 300000, script: 30000}, unhandledPromptBehavior: dismiss and notify, webauthn:extension:credBlob: true, webauthn:extension:largeBlob: true, webauthn:extension:minPinLength: true, webauthn:extension:prf: true, webauthn:virtualAuthenticators: true}
Element: [[ChromeDriver: chrome on windows (67bbfd1c0d502b08cbde8df1fdba1db4)] -> xpath: //button[@class='oxd-button oxd-button--medium oxd-button--text']]
Session ID: 67bbfd1c0d502b08cbde8df1fdba1db4]]>
            </message>
            <full-stacktrace>
              <![CDATA[org.openqa.selenium.ElementClickInterceptedException: element click intercepted: Element <button data-v-10d463b7="" data-v-3dab643a="" type="button" class="oxd-button oxd-button--medium oxd-button--text">...</button> is not clickable at point (716, 591). Other element would receive the click: <div data-v-d130bb63="" data-v-13cf171c="" role="option" class="oxd-select-option --selected">...</div>
  (Session info: chrome=131.0.6778.265)
Build info: version: '4.27.0', revision: 'd6e718d134'
System info: os.name: 'Windows 11', os.arch: 'amd64', os.version: '10.0', java.version: '23.0.1'
Driver info: org.openqa.selenium.chrome.ChromeDriver
Command: [67bbfd1c0d502b08cbde8df1fdba1db4, clickElement {id=f.F45BF19D117E951FEDB1BABF85E6CBD3.d.49293AD37FB5D8EDE804012A4BB1669D.e.318}]
Capabilities {acceptInsecureCerts: false, browserName: chrome, browserVersion: 131.0.6778.265, chrome: {chromedriverVersion: 131.0.6778.264 (2d05e315153..., userDataDir: C:\Users\hp\AppData\Local\T...}, fedcm:accounts: true, goog:chromeOptions: {debuggerAddress: localhost:65238}, networkConnectionEnabled: false, pageLoadStrategy: normal, platformName: windows, proxy: Proxy(), se:cdp: ws://localhost:65238/devtoo..., se:cdpVersion: 131.0.6778.265, setWindowRect: true, strictFileInteractability: false, timeouts: {implicit: 0, pageLoad: 300000, script: 30000}, unhandledPromptBehavior: dismiss and notify, webauthn:extension:credBlob: true, webauthn:extension:largeBlob: true, webauthn:extension:minPinLength: true, webauthn:extension:prf: true, webauthn:virtualAuthenticators: true}
Element: [[ChromeDriver: chrome on windows (67bbfd1c0d502b08cbde8df1fdba1db4)] -> xpath: //button[@class='oxd-button oxd-button--medium oxd-button--text']]
Session ID: 67bbfd1c0d502b08cbde8df1fdba1db4
at java.base/jdk.internal.reflect.DirectConstructorHandleAccessor.newInstance(DirectConstructorHandleAccessor.java:62)
at java.base/java.lang.reflect.Constructor.newInstanceWithCaller(Constructor.java:501)
at java.base/java.lang.reflect.Constructor.newInstance(Constructor.java:485)
at org.openqa.selenium.remote.ErrorCodec.decode(ErrorCodec.java:167)
at org.openqa.selenium.remote.codec.w3c.W3CHttpResponseCodec.decode(W3CHttpResponseCodec.java:138)
at org.openqa.selenium.remote.codec.w3c.W3CHttpResponseCodec.decode(W3CHttpResponseCodec.java:50)
at org.openqa.selenium.remote.HttpCommandExecutor.execute(HttpCommandExecutor.java:190)
at org.openqa.selenium.remote.service.DriverCommandExecutor.invokeExecute(DriverCommandExecutor.java:216)
at org.openqa.selenium.remote.service.DriverCommandExecutor.execute(DriverCommandExecutor.java:174)
at org.openqa.selenium.remote.RemoteWebDriver.execute(RemoteWebDriver.java:545)
at org.openqa.selenium.remote.RemoteWebElement.execute(RemoteWebElement.java:223)
at org.openqa.selenium.remote.RemoteWebElement.click(RemoteWebElement.java:76)
at TestCases.fillMyInfoTestCase.fillMyInfo(fillMyInfoTestCase.java:96)
at java.base/jdk.internal.reflect.DirectMethodHandleAccessor.invoke(DirectMethodHandleAccessor.java:103)
at java.base/java.lang.reflect.Method.invoke(Method.java:580)
at org.testng.internal.MethodInvocationHelper.invokeMethod(MethodInvocationHelper.java:133)
at org.testng.internal.TestInvoker.invokeMethod(TestInvoker.java:598)
at org.testng.internal.TestInvoker.invokeTestMethod(TestInvoker.java:173)
at org.testng.internal.MethodRunner.runInSequence(MethodRunner.java:46)
at org.testng.internal.TestInvoker$MethodInvocationAgent.invoke(TestInvoker.java:824)
at org.testng.internal.TestInvoker.invokeTestMethods(TestInvoker.java:146)
at org.testng.internal.TestMethodWorker.invokeTestMethods(TestMethodWorker.java:146)
at org.testng.internal.TestMethodWorker.run(TestMethodWorker.java:128)
at java.base/java.util.ArrayList.forEach(ArrayList.java:1597)
at org.testng.TestRunner.privateRun(TestRunner.java:794)
at org.testng.TestRunner.run(TestRunner.java:596)
at org.testng.SuiteRunner.runTest(SuiteRunner.java:377)
at org.testng.SuiteRunner.runSequentially(SuiteRunner.java:371)
at org.testng.SuiteRunner.privateRun(SuiteRunner.java:332)
at org.testng.SuiteRunner.run(SuiteRunner.java:276)
at org.testng.SuiteRunnerWorker.runSuite(SuiteRunnerWorker.java:53)
at org.testng.SuiteRunnerWorker.run(SuiteRunnerWorker.java:96)
at org.testng.TestNG.runSuitesSequentially(TestNG.java:1212)
at org.testng.TestNG.runSuitesLocally(TestNG.java:1134)
at org.testng.TestNG.runSuites(TestNG.java:1063)
at org.testng.TestNG.run(TestNG.java:1031)
at org.testng.remote.AbstractRemoteTestNG.run(AbstractRemoteTestNG.java:115)
at org.testng.remote.RemoteTestNG.initAndRun(RemoteTestNG.java:293)
at org.testng.remote.RemoteTestNG.main(RemoteTestNG.java:91)
]]>
            </full-stacktrace>
          </exception> <!-- org.openqa.selenium.ElementClickInterceptedException -->
          <reporter-output>
          </reporter-output>
        </test-method> <!-- fillMyInfo -->
        <test-method is-config="true" signature="quitBrowser()[pri:0, instance:TestCases.fillMyInfoTestCase@1165b38]" started-at="2025-01-13T18:43:35 IST" name="quitBrowser" finished-at="2025-01-13T18:43:38 IST" duration-ms="3306" status="PASS">
          <reporter-output>
          </reporter-output>
        </test-method> <!-- quitBrowser -->
        <test-method is-config="true" signature="EndReport()[pri:0, instance:TestCases.fillMyInfoTestCase@1165b38]" started-at="2025-01-13T18:43:38 IST" name="EndReport" finished-at="2025-01-13T18:43:39 IST" duration-ms="143" status="PASS">
          <reporter-output>
          </reporter-output>
        </test-method> <!-- EndReport -->
      </class> <!-- TestCases.fillMyInfoTestCase -->
    </test> <!-- Smoke test cases -->
  </suite> <!-- Suite -->
</testng-results>
