<?xml version="1.0" encoding="UTF-8"?>
<testng-results ignored="0" total="1" passed="1" failed="0" skipped="0">
  <reporter-output>
  </reporter-output>
  <suite started-at="2025-01-09T10:53:35 IST" name="Default suite" finished-at="2025-01-09T10:54:59 IST" duration-ms="84016">
    <groups>
    </groups>
    <test started-at="2025-01-09T10:53:35 IST" name="Default test" finished-at="2025-01-09T10:54:59 IST" duration-ms="84016">
      <class name="TestCases.fillMyInfoTestCase">
        <test-method signature="fillMyInfo()[pri:0, instance:TestCases.fillMyInfoTestCase@22ff4249]" started-at="2025-01-09T10:53:35 IST" name="fillMyInfo" finished-at="2025-01-09T10:54:59 IST" duration-ms="83939" status="PASS">
          <reporter-output>
          </reporter-output>
        </test-method> <!-- fillMyInfo -->
      </class> <!-- TestCases.fillMyInfoTestCase -->
    </test> <!-- Default test -->
  </suite> <!-- Default suite -->
</testng-results>
